###### GATHER WARNING ######
# NO Gathering method specified ! 
# Thus : if the system is requested to be gathered, 
# the gathering will be done using the COG gather method
###### GATHER WARNING ######
# NO Gathering method specified ! 
# Thus : if the system is requested to be gathered, 
# the gathering will be done using the COG gather method
###### GATHER WARNING ######
# NO Gathering method specified ! 
# Thus : if the system is requested to be gathered, 
# the gathering will be done using the COG gather method
###### GATHER WARNING ######
# NO Gathering method specified ! 
# Thus : if the system is requested to be gathered, 
# the gathering will be done using the COG gather method
###### GATHER WARNING ######
# NO Gathering method specified ! 
# Thus : if the system is requested to be gathered, 
# the gathering will be done using the COG gather method
###### GATHER WARNING ######
# NO Gathering method specified ! 
# Thus : if the system is requested to be gathered, 
# the gathering will be done using the COG gather method
###### GATHER WARNING ######
# NO Gathering method specified ! 
# Thus : if the system is requested to be gathered, 
# the gathering will be done using the COG gather method
###### GATHER WARNING ######
# NO Gathering method specified ! 
# Thus : if the system is requested to be gathered, 
# the gathering will be done using the COG gather method
###### GATHER WARNING ######
# NO Gathering method specified ! 
# Thus : if the system is requested to be gathered, 
# the gathering will be done using the COG gather method
###### GATHER WARNING ######
# NO Gathering method specified ! 
# Thus : if the system is requested to be gathered, 
# the gathering will be done using the COG gather method
          0.007              0
          0.021              0
          0.035              0
          0.049              0
          0.063              0
          0.077              0
          0.091              0
          0.105              0
          0.119              0
          0.133              0
          0.147              0
          0.161              0
          0.175              0
          0.189              0
          0.203              0
          0.217              0
          0.231 0.000990987139
          0.245    0.145698153
          0.259     2.09256669
          0.273     2.93907448
          0.287     0.69802846
          0.301    0.535876425
          0.315    0.490919232
          0.329    0.495854731
          0.343    0.563263855
          0.357    0.662477975
          0.371    0.827797105
          0.385    0.960925551
          0.399     1.13749345
          0.413      1.2571838
          0.427     1.35884648
          0.441     1.34813029
          0.455     1.29335706
          0.469     1.23119744
          0.483     1.15214182
          0.497     1.05001768
          0.511    0.986678563
          0.525    0.945546028
          0.539    0.874637435
          0.553    0.875187594
          0.567    0.871396506
          0.581    0.884860612
          0.595    0.891734879
          0.609    0.924850181
          0.623    0.942738435
          0.637    0.994039276
          0.651     1.01272175
          0.665     1.01750678
          0.679      1.0554343
          0.693      1.0627931
          0.707     1.06569566
          0.721     1.04367286
          0.735     1.00544321
          0.749    0.992755685
          0.763    0.991509915
          0.777    0.997794181
          0.791    0.991457214
          0.805    0.991534148
          0.819     1.00043432
          0.833     1.00380507
          0.847    0.996269472
          0.861    0.988453268
          0.875      1.0018685
          0.889    0.988147096
          0.903    0.994867363
          0.917    0.989174886
          0.931    0.996531137
          0.945     1.00460266
          0.959     1.00408215
          0.973     1.01218171
          0.987     1.01952824
          1.001     1.00847911
          1.015     1.00348763
          1.029    0.995581784
          1.043       1.000869
          1.057    0.991530528
          1.071    0.998122676
          1.085     1.00057065
          1.099    0.992048153
          1.113    0.996124214
          1.127     0.99473674
          1.141     1.00450736
          1.155     1.01000278
          1.169     1.00232835
          1.183    0.998793564
          1.197    0.997416066
          1.211    0.999722919
          1.225     1.00347807
          1.239     1.00225381
          1.253     1.00510356
          1.267      1.0063208
          1.281     1.00189823
          1.295     1.00959356
          1.309     1.00735268
          1.323     1.00363407
          1.337     1.00392466
          1.351     1.00528073
          1.365     1.00251695
          1.379    0.997051048
          1.393     1.00192104
