# gather option : cog
# gather option : cog
# gather option : cog
# gather option : cog
# gather option : cog
         0.0014              0
         0.0042              0
          0.007              0
         0.0098              0
         0.0126              0
         0.0154              0
         0.0182              0
          0.021              0
         0.0238              0
         0.0266              0
         0.0294              0
         0.0322              0
          0.035              0
         0.0378              0
         0.0406              0
         0.0434              0
         0.0462              0
          0.049              0
         0.0518              0
         0.0546              0
         0.0574              0
         0.0602              0
          0.063              0
         0.0658              0
         0.0686              0
         0.0714              0
         0.0742              0
          0.077              0
         0.0798              0
         0.0826              0
         0.0854              0
         0.0882              0
          0.091              0
         0.0938              0
         0.0966              0
         0.0994              0
         0.1022              0
          0.105              0
         0.1078              0
         0.1106              0
         0.1134              0
         0.1162              0
          0.119              0
         0.1218              0
         0.1246              0
         0.1274              0
         0.1302              0
          0.133              0
         0.1358              0
         0.1386              0
         0.1414              0
         0.1442              0
          0.147 0.000362699569
         0.1498  0.00139700613
         0.1526  0.00302301408
         0.1554   0.0106983194
         0.1582     0.02627547
          0.161   0.0534610228
         0.1638   0.0936656003
         0.1666    0.162164299
         0.1694    0.216623912
         0.1722    0.277481043
          0.175    0.319281886
         0.1778    0.350397318
         0.1806    0.369854724
         0.1834    0.351203311
         0.1862    0.330556692
          0.189    0.314488308
         0.1918    0.282400762
         0.1946    0.245184908
         0.1974    0.224002054
         0.2002    0.185753753
          0.203    0.162233816
         0.2058    0.144550096
         0.2086    0.136561584
         0.2114    0.111604496
         0.2142    0.107487623
          0.217   0.0969350857
         0.2198    0.100635132
         0.2226   0.0921033476
         0.2254   0.0852107989
         0.2282   0.0960738867
          0.231    0.100792482
         0.2338    0.107563112
         0.2366    0.112566511
         0.2394    0.124298084
         0.2422    0.128636966
          0.245    0.127803683
         0.2478     0.13437233
         0.2506    0.144837995
         0.2534    0.149470598
         0.2562    0.174721982
          0.259    0.201889002
         0.2618    0.213253617
         0.2646    0.242414274
         0.2674    0.276242944
         0.2702     0.31580137
          0.273    0.343163979
         0.2758    0.369887135
         0.2786    0.385097848
         0.2814    0.377165022
         0.2842    0.378478632
          0.287    0.366693759
         0.2898    0.356358195
         0.2926    0.348766053
         0.2954    0.363450907
         0.2982    0.351710973
          0.301    0.355312893
         0.3038    0.368909258
         0.3066    0.364493111
         0.3094    0.359347613
         0.3122     0.35798731
          0.315    0.360793827
         0.3178    0.372840646
         0.3206    0.357606843
         0.3234    0.367909386
         0.3262    0.353162922
          0.329    0.342176458
         0.3318    0.337493974
         0.3346    0.336056366
         0.3374     0.33505838
         0.3402    0.324822466
          0.343    0.325327929
         0.3458     0.31052872
         0.3486    0.307938061
         0.3514    0.314219921
         0.3542    0.316190328
          0.357    0.314814128
         0.3598    0.320221374
         0.3626    0.320170954
         0.3654    0.319512987
         0.3682    0.316156793
          0.371    0.317552867
         0.3738    0.324014325
         0.3766    0.329440158
         0.3794    0.327197557
         0.3822    0.329906865
          0.385    0.333849792
         0.3878    0.335714412
         0.3906    0.330919755
         0.3934    0.332392363
         0.3962    0.327208135
          0.399    0.320863989
         0.4018    0.325337913
         0.4046    0.318598633
         0.4074    0.324237264
         0.4102    0.316984957
          0.413    0.311700398
         0.4158    0.317875485
         0.4186    0.316189874
         0.4214    0.314600346
         0.4242    0.316986755
          0.427    0.314424118
         0.4298    0.317812287
         0.4326    0.311905604
         0.4354    0.311180209
         0.4382    0.307487451
          0.441    0.311217342
         0.4438    0.308289997
         0.4466    0.315183738
         0.4494    0.308832498
         0.4522     0.30781389
          0.455    0.310551094
         0.4578    0.301668594
         0.4606       0.313957
         0.4634     0.30985104
         0.4662    0.307326217
          0.469    0.312842587
         0.4718    0.317912694
         0.4746    0.314853655
         0.4774    0.319629992
         0.4802    0.324263711
          0.483    0.321538191
         0.4858     0.33257181
         0.4886    0.324775406
         0.4914    0.336368678
         0.4942    0.331829466
          0.497    0.334000891
         0.4998    0.328597599
         0.5026    0.335262734
         0.5054    0.332854038
         0.5082    0.330800908
          0.511    0.335071389
         0.5138    0.336132994
         0.5166    0.335533525
         0.5194    0.344363857
         0.5222    0.343673432
          0.525     0.34739833
         0.5278    0.349463632
         0.5306    0.360961396
         0.5334    0.361091385
         0.5362    0.357437401
          0.539    0.361258555
         0.5418     0.36258738
         0.5446    0.368725524
         0.5474    0.370222665
         0.5502    0.356711771
          0.553    0.363039503
         0.5558    0.364898079
         0.5586    0.361211064
         0.5614    0.357110273
         0.5642    0.357782607
          0.567     0.36047611
         0.5698    0.357439785
         0.5726    0.352305299
         0.5754    0.355272688
         0.5782    0.350224634
          0.581    0.359449681
         0.5838    0.359393559
         0.5866     0.36481519
         0.5894    0.358582137
         0.5922    0.368036597
          0.595    0.362433064
         0.5978    0.370441235
         0.6006    0.368304234
         0.6034    0.371768288
         0.6062     0.36413069
          0.609    0.375115155
         0.6118    0.370521399
         0.6146    0.375338835
         0.6174    0.380587978
         0.6202    0.383161871
          0.623    0.383575613
         0.6258    0.383752274
         0.6286    0.388212274
         0.6314    0.386166449
         0.6342    0.393864628
          0.637     0.39293213
         0.6398     0.39613786
         0.6426    0.403691897
         0.6454    0.403559591
         0.6482    0.407101785
          0.651       0.406571
         0.6538    0.411310147
         0.6566    0.419670945
         0.6594    0.419266412
         0.6622    0.423494717
          0.665    0.422810709
         0.6678    0.428486721
         0.6706     0.43013959
         0.6734    0.432774846
         0.6762    0.435339288
          0.679    0.445031478
         0.6818    0.444103905
         0.6846    0.448544594
         0.6874    0.449591769
         0.6902    0.449793672
          0.693    0.453137007
         0.6958    0.451063411
         0.6986    0.453080304
         0.7014    0.455761284
         0.7042    0.451790042
          0.707    0.455909565
         0.7098    0.458781788
         0.7126    0.452706878
         0.7154    0.456126378
         0.7182    0.451401598
          0.721    0.455625778
         0.7238    0.451052489
         0.7266    0.449687271
         0.7294    0.453960128
         0.7322    0.453219519
          0.735    0.446718115
         0.7378     0.44835414
         0.7406    0.452700206
         0.7434    0.439881166
         0.7462    0.445662123
          0.749    0.444263003
         0.7518    0.443897646
         0.7546     0.44040781
         0.7574    0.439631618
         0.7602    0.434764372
          0.763    0.433148807
         0.7658    0.433545662
         0.7686    0.430468465
         0.7714    0.430566165
         0.7742    0.429723314
          0.777    0.424167119
         0.7798    0.424725961
         0.7826    0.419515916
         0.7854    0.418335521
         0.7882    0.418730114
          0.791    0.414418061
         0.7938    0.410408793
         0.7966    0.416632619
         0.7994    0.407242096
         0.8022    0.412467306
          0.805    0.409799815
         0.8078    0.408537235
         0.8106    0.408344934
         0.8134    0.404614226
         0.8162    0.404853951
          0.819    0.404216371
         0.8218    0.406228708
         0.8246    0.401671807
         0.8274    0.407840257
         0.8302    0.403416455
          0.833    0.398195499
         0.8358    0.398631859
         0.8386    0.403577082
         0.8414    0.405464263
         0.8442    0.402490543
          0.847    0.402913466
         0.8498    0.396956352
         0.8526    0.401431622
         0.8554    0.402866801
         0.8582    0.406248349
          0.861    0.406418424
         0.8638    0.401517485
         0.8666    0.406581528
         0.8694    0.403501906
         0.8722    0.407444146
          0.875    0.407397727
         0.8778    0.406383644
         0.8806    0.407158749
         0.8834    0.412470784
         0.8862    0.408591683
          0.889    0.411094542
         0.8918    0.412576837
         0.8946    0.417519115
         0.8974    0.411731954
         0.9002    0.413174647
          0.903    0.413348141
         0.9058    0.413774582
         0.9086    0.419357722
         0.9114    0.417389016
         0.9142    0.417723543
          0.917    0.423561761
         0.9198    0.423124895
         0.9226    0.423019486
         0.9254    0.421280703
         0.9282    0.423358574
          0.931    0.425192907
         0.9338    0.425718301
         0.9366    0.428137914
         0.9394    0.426399047
         0.9422    0.427023313
          0.945    0.428587518
         0.9478    0.427342507
         0.9506    0.432579456
         0.9534    0.435123968
         0.9562    0.429021508
          0.959    0.431760788
         0.9618    0.431552688
         0.9646    0.431708304
         0.9674    0.432023862
         0.9702    0.433830739
          0.973    0.432580296
         0.9758    0.436798742
         0.9786    0.433661637
         0.9814    0.438255783
         0.9842    0.437525379
          0.987    0.438095879
         0.9898    0.439710513
         0.9926    0.434120381
         0.9954    0.435793417
         0.9982    0.437645815
          1.001    0.439719857
         1.0038    0.440097251
         1.0066    0.438855484
         1.0094    0.436950593
         1.0122    0.439048345
          1.015    0.439053158
         1.0178    0.439028688
         1.0206    0.435110185
         1.0234    0.441802097
         1.0262     0.43546966
          1.029    0.437559843
         1.0318     0.43574697
         1.0346    0.435452887
         1.0374    0.440139836
         1.0402    0.435041813
          1.043    0.440229392
         1.0458    0.437473443
         1.0486    0.434892987
         1.0514    0.437805443
         1.0542    0.434102815
          1.057    0.439115653
         1.0598    0.435725255
         1.0626     0.43994811
         1.0654    0.435476569
         1.0682    0.437996418
          1.071    0.438967823
         1.0738    0.437899622
         1.0766    0.438513716
         1.0794    0.436629008
         1.0822    0.435868201
          1.085    0.438082958
         1.0878    0.436795394
         1.0906    0.437985784
         1.0934    0.441211566
         1.0962    0.439196743
          1.099    0.439605845
         1.1018    0.437955096
         1.1046    0.437621135
         1.1074    0.438611255
         1.1102    0.441728499
          1.113    0.442826381
         1.1158    0.440611377
         1.1186    0.441685134
         1.1214    0.440185633
         1.1242    0.442143641
          1.127    0.438175867
         1.1298    0.442610153
         1.1326    0.440651363
         1.1354    0.442840003
         1.1382    0.440960923
          1.141    0.443263003
         1.1438    0.444814348
         1.1466    0.441210685
         1.1494    0.442954374
         1.1522    0.443271394
          1.155    0.444131347
         1.1578    0.445377052
         1.1606    0.445092327
         1.1634    0.445673154
         1.1662    0.446643881
          1.169    0.444169645
         1.1718    0.446279658
         1.1746    0.443741439
         1.1774    0.446094839
         1.1802    0.445071192
          1.183    0.444706018
         1.1858    0.444242784
         1.1886    0.449754105
         1.1914    0.445964654
         1.1942    0.447762083
          1.197    0.447856441
         1.1998    0.448508082
         1.2026     0.44827312
         1.2054    0.447624822
         1.2082    0.449485834
          1.211    0.448586051
         1.2138    0.448318831
         1.2166    0.449752141
         1.2194    0.450269963
         1.2222     0.45119276
          1.225    0.451512841
         1.2278    0.449548697
         1.2306    0.452779808
         1.2334    0.451435712
         1.2362    0.450468002
          1.239    0.454047052
         1.2418    0.453877092
         1.2446    0.456099679
         1.2474    0.454256956
         1.2502    0.456454495
          1.253    0.454547982
         1.2558      0.4551742
         1.2586    0.457391946
         1.2614    0.458266244
         1.2642    0.457074213
          1.267    0.457070558
         1.2698    0.458514855
         1.2726    0.463693199
         1.2754     0.46159368
         1.2782    0.463060024
          1.281    0.463559271
         1.2838    0.467574635
         1.2866    0.468548628
         1.2894    0.467534545
         1.2922    0.466147092
          1.295    0.466764454
         1.2978    0.471248027
         1.3006    0.468546966
         1.3034    0.469261689
         1.3062    0.472967733
          1.309    0.476168957
         1.3118    0.475529985
         1.3146    0.478190342
         1.3174    0.477293661
         1.3202     0.47942271
          1.323    0.481324609
         1.3258    0.481799591
         1.3286    0.482821241
         1.3314    0.484297454
         1.3342    0.485746157
          1.337    0.486883447
         1.3398    0.487012083
         1.3426    0.486911304
         1.3454    0.490510448
         1.3482    0.493044853
          1.351    0.492514897
         1.3538    0.496785431
         1.3566    0.494532084
         1.3594    0.497677729
         1.3622    0.498836564
          1.365    0.501662059
         1.3678    0.502033972
         1.3706     0.50362695
         1.3734    0.503834584
         1.3762    0.508498563
          1.379    0.506778079
         1.3818    0.507673421
         1.3846    0.513072867
         1.3874    0.514700416
         1.3902    0.513559264
          1.393     0.51704401
         1.3958    0.519233861
         1.3986    0.521842662
