# Number of threads: 1
#
# 2-Centered hydrogen bond D-H..A counted if:
#     Distance H..A is at most 0.25
#     Angle    D-H..A is at least 135
#
#
# Statistics of the run:

# Two-centered hydrogen bonds:
# HB-ID    Mol    Res DONOR -    Mol    Res   ACC        Atom     D -   Atom     H ... Atom     A       DIST   ANGLE    OCCUR          %
      1      1      1  MeOH -      s     22   SLV           2    OB -      6   HB1 -     64    OW      0.191 157.961       72       0.72
      2      1      1  MeOH -      s     33   SLV           2    OB -      6   HB1 -     97    OW      0.174 164.018      160       1.60
      3      1      1  MeOH -      s     36   SLV           2    OB -      6   HB1 -    106    OW      0.179 159.018       96       0.96
      4      1      1  MeOH -      s     41   SLV           2    OB -      6   HB1 -    121    OW      0.174 162.076      510       5.10
      5      1      1  MeOH -      s     69   SLV           2    OB -      6   HB1 -    205    OW      0.176 162.056      195       1.95
      6      1      1  MeOH -      s     70   SLV           2    OB -      6   HB1 -    208    OW      0.184 158.307       89       0.89
      7      1      1  MeOH -      s     83   SLV           2    OB -      6   HB1 -    247    OW      0.210 154.014       40       0.40
      8      1      1  MeOH -      s     84   SLV           2    OB -      6   HB1 -    250    OW      0.192 154.259       71       0.71
      9      1      1  MeOH -      s     87   SLV           2    OB -      6   HB1 -    259    OW      0.174 160.109      133       1.33
     10      1      1  MeOH -      s    122   SLV           2    OB -      6   HB1 -    364    OW      0.185 159.959      134       1.34
     11      1      1  MeOH -      s    125   SLV           2    OB -      6   HB1 -    373    OW      0.235 153.613       20       0.20
     12      1      1  MeOH -      s    126   SLV           2    OB -      6   HB1 -    376    OW      0.238 149.985        5       0.05
     13      1      1  MeOH -      s    128   SLV           2    OB -      6   HB1 -    382    OW      0.174 159.238      300       3.00
     14      1      1  MeOH -      s    139   SLV           2    OB -      6   HB1 -    415    OW      0.178 161.780      228       2.28
     15      1      1  MeOH -      s    174   SLV           2    OB -      6   HB1 -    520    OW      0.198 157.641      100       1.00
     16      1      1  MeOH -      s    195   SLV           2    OB -      6   HB1 -    583    OW      0.212 147.269        9       0.09
     17      1      1  MeOH -      s    199   SLV           2    OB -      6   HB1 -    595    OW      0.247 167.904        1       0.01
     18      1      1  MeOH -      s    214   SLV           2    OB -      6   HB1 -    640    OW      0.180 160.231      177       1.77
     19      1      1  MeOH -      s    215   SLV           2    OB -      6   HB1 -    643    OW      0.179 160.001      712       7.12
     20      1      1  MeOH -      s    219   SLV           2    OB -      6   HB1 -    655    OW      0.247 135.482        1       0.01
     21      1      1  MeOH -      s    222   SLV           2    OB -      6   HB1 -    664    OW      0.177 159.107      177       1.77
     22      1      1  MeOH -      s    308   SLV           2    OB -      6   HB1 -    922    OW      0.177 153.450       38       0.38
     23      1      1  MeOH -      s    319   SLV           2    OB -      6   HB1 -    955    OW      0.174 161.367       70       0.70
     24      1      1  MeOH -      s    326   SLV           2    OB -      6   HB1 -    976    OW      0.217 146.784        5       0.05
     25      1      1  MeOH -      s    334   SLV           2    OB -      6   HB1 -   1000    OW      0.215 147.299       21       0.21
     26      1      1  MeOH -      s    341   SLV           2    OB -      6   HB1 -   1021    OW      0.184 157.419       31       0.31
     27      1      1  MeOH -      s    347   SLV           2    OB -      6   HB1 -   1039    OW      0.248 136.309        2       0.02
     28      1      1  MeOH -      s    353   SLV           2    OB -      6   HB1 -   1057    OW      0.180 160.040      204       2.04
     29      1      1  MeOH -      s    369   SLV           2    OB -      6   HB1 -   1105    OW      0.248 143.391        1       0.01
     30      1      1  MeOH -      s    395   SLV           2    OB -      6   HB1 -   1183    OW      0.190 155.891       76       0.76
     31      1      1  MeOH -      s    397   SLV           2    OB -      6   HB1 -   1189    OW      0.173 161.624      852       8.52
     32      1      1  MeOH -      s    405   SLV           2    OB -      6   HB1 -   1213    OW      0.180 157.028      148       1.48
     33      1      1  MeOH -      s    430   SLV           2    OB -      6   HB1 -   1288    OW      0.247 142.046        2       0.02
     34      1      1  MeOH -      s    466   SLV           2    OB -      6   HB1 -   1396    OW      0.175 159.203      127       1.27
     35      1      1  MeOH -      s    508   SLV           2    OB -      6   HB1 -   1522    OW      0.214 140.584        3       0.03
     36      1      1  MeOH -      s    523   SLV           2    OB -      6   HB1 -   1567    OW      0.185 159.072      164       1.64
     37      1      1  MeOH -      s    562   SLV           2    OB -      6   HB1 -   1684    OW      0.225 152.944        6       0.06
     38      1      1  MeOH -      s    579   SLV           2    OB -      6   HB1 -   1735    OW      0.174 160.817      381       3.81
     39      1      1  MeOH -      s    584   SLV           2    OB -      6   HB1 -   1750    OW      0.192 156.891      145       1.45
     40      1      1  MeOH -      s    604   SLV           2    OB -      6   HB1 -   1810    OW      0.183 156.546       99       0.99
     41      1      1  MeOH -      s    619   SLV           2    OB -      6   HB1 -   1855    OW      0.183 160.083      200       2.00
     42      1      1  MeOH -      s    634   SLV           2    OB -      6   HB1 -   1900    OW      0.233 146.322        3       0.03
     43      1      1  MeOH -      s    638   SLV           2    OB -      6   HB1 -   1912    OW      0.177 162.032      214       2.14
     44      1      1  MeOH -      s    645   SLV           2    OB -      6   HB1 -   1933    OW      0.248 150.897        1       0.01
     45      1      1  MeOH -      s    648   SLV           2    OB -      6   HB1 -   1942    OW      0.207 161.748        2       0.02
     46      1      1  MeOH -      s    671   SLV           2    OB -      6   HB1 -   2011    OW      0.238 163.362        2       0.02
     47      1      1  MeOH -      s    677   SLV           2    OB -      6   HB1 -   2029    OW      0.206 158.639       10       0.10
     48      1      1  MeOH -      s    687   SLV           2    OB -      6   HB1 -   2059    OW      0.226 156.235        7       0.07
     49      1      1  MeOH -      s    705   SLV           2    OB -      6   HB1 -   2113    OW      0.172 161.952      130       1.30
     50      1      1  MeOH -      s    729   SLV           2    OB -      6   HB1 -   2185    OW      0.229 144.800        4       0.04
     51      1      1  MeOH -      s    741   SLV           2    OB -      6   HB1 -   2221    OW      0.178 157.763       73       0.73
     52      1      1  MeOH -      s    758   SLV           2    OB -      6   HB1 -   2272    OW      0.230 140.184        3       0.03
     53      1      1  MeOH -      s    762   SLV           2    OB -      6   HB1 -   2284    OW      0.241 147.763        1       0.01
     54      1      1  MeOH -      s    767   SLV           2    OB -      6   HB1 -   2299    OW      0.235 154.458       10       0.10
     55      1      1  MeOH -      s    776   SLV           2    OB -      6   HB1 -   2326    OW      0.183 159.815       99       0.99
     56      1      1  MeOH -      s    783   SLV           2    OB -      6   HB1 -   2347    OW      0.223 154.144       42       0.42
     57      1      1  MeOH -      s    787   SLV           2    OB -      6   HB1 -   2359    OW      0.199 158.528       38       0.38
     58      1      1  MeOH -      s    795   SLV           2    OB -      6   HB1 -   2383    OW      0.180 160.253      249       2.49
     59      1      1  MeOH -      s    818   SLV           2    OB -      6   HB1 -   2452    OW      0.246 156.383        3       0.03
     60      1      1  MeOH -      s    825   SLV           2    OB -      6   HB1 -   2473    OW      0.184 157.982      122       1.22
     61      1      1  MeOH -      s    838   SLV           2    OB -      6   HB1 -   2512    OW      0.174 161.154      124       1.24
     62      1      1  MeOH -      s    848   SLV           2    OB -      6   HB1 -   2542    OW      0.183 157.271      541       5.41
     63      1      1  MeOH -      s    871   SLV           2    OB -      6   HB1 -   2611    OW      0.175 160.196      173       1.73
     64      1      1  MeOH -      s    882   SLV           2    OB -      6   HB1 -   2644    OW      0.177 160.926      206       2.06
     65      1      1  MeOH -      s    918   SLV           2    OB -      6   HB1 -   2752    OW      0.213 142.048        9       0.09
     66      1      1  MeOH -      s    925   SLV           2    OB -      6   HB1 -   2773    OW      0.238 151.197        5       0.05
     67      1      1  MeOH -      s    934   SLV           2    OB -      6   HB1 -   2800    OW      0.203 161.958       26       0.26
     68      1      1  MeOH -      s    935   SLV           2    OB -      6   HB1 -   2803    OW      0.240 140.063        6       0.06
     69      1      1  MeOH -      s    937   SLV           2    OB -      6   HB1 -   2809    OW      0.182 156.417      149       1.49
     70      1      1  MeOH -      s    945   SLV           2    OB -      6   HB1 -   2833    OW      0.225 137.970        1       0.01
     71      1      1  MeOH -      s    946   SLV           2    OB -      6   HB1 -   2836    OW      0.177 162.838      213       2.13
     72      1      1  MeOH -      s    965   SLV           2    OB -      6   HB1 -   2893    OW      0.239 157.517       11       0.11
     73      1      1  MeOH -      s    975   SLV           2    OB -      6   HB1 -   2923    OW      0.171 162.680       69       0.69
     74      1      1  MeOH -      s    990   SLV           2    OB -      6   HB1 -   2968    OW      0.179 159.610      115       1.15
     75      1      1  MeOH -      s    992   SLV           2    OB -      6   HB1 -   2974    OW      0.196 150.225        3       0.03
     76      1      1  MeOH -      s    997   SLV           2    OB -      6   HB1 -   2989    OW      0.207 154.229       35       0.35
     77      1      1  MeOH -      s   1003   SLV           2    OB -      6   HB1 -   3007    OW      0.187 156.560       69       0.69
     78      1      1  MeOH -      s   1006   SLV           2    OB -      6   HB1 -   3016    OW      0.244 153.603        2       0.02
     79      1      1  MeOH -      s   1015   SLV           2    OB -      6   HB1 -   3043    OW      0.174 161.726      240       2.40
     80      1      1  MeOH -      s   1029   SLV           2    OB -      6   HB1 -   3085    OW      0.184 157.151       49       0.49
     81      1      1  MeOH -      s   1102   SLV           2    OB -      6   HB1 -   3304    OW      0.228 143.973        8       0.08
     82      1      1  MeOH -      s   1113   SLV           2    OB -      6   HB1 -   3337    OW      0.221 155.448        4       0.04
     83      1      1  MeOH -      s   1155   SLV           2    OB -      6   HB1 -   3463    OW      0.200 156.538       73       0.73
     84      s     22   SLV -      1      1  MeOH          64    OW -     65   HW1 -      2    OB      0.179 162.094      313       3.13
     85      s     22   SLV -      1      1  MeOH          64    OW -     66   HW2 -      2    OB      0.183 140.078        2       0.02
     86      s     41   SLV -      1      1  MeOH         121    OW -    123   HW2 -      2    OB      0.233 156.942        8       0.08
     87      s     50   SLV -      1      1  MeOH         148    OW -    149   HW1 -      2    OB      0.236 153.187        1       0.01
     88      s     53   SLV -      1      1  MeOH         157    OW -    158   HW1 -      2    OB      0.178 159.803      339       3.39
     89      s     53   SLV -      1      1  MeOH         157    OW -    159   HW2 -      2    OB      0.189 155.703      211       2.11
     90      s     67   SLV -      1      1  MeOH         199    OW -    200   HW1 -      2    OB      0.238 164.539        2       0.02
     91      s     67   SLV -      1      1  MeOH         199    OW -    201   HW2 -      2    OB      0.243 135.916        1       0.01
     92      s     69   SLV -      1      1  MeOH         205    OW -    207   HW2 -      2    OB      0.244 156.053        4       0.04
     93      s     83   SLV -      1      1  MeOH         247    OW -    249   HW2 -      2    OB      0.243 143.356        3       0.03
     94      s     84   SLV -      1      1  MeOH         250    OW -    252   HW2 -      2    OB      0.180 160.770      177       1.77
     95      s     87   SLV -      1      1  MeOH         259    OW -    261   HW2 -      2    OB      0.220 158.500        2       0.02
     96      s    122   SLV -      1      1  MeOH         364    OW -    365   HW1 -      2    OB      0.202 155.375       25       0.25
     97      s    122   SLV -      1      1  MeOH         364    OW -    366   HW2 -      2    OB      0.213 148.901        5       0.05
     98      s    125   SLV -      1      1  MeOH         373    OW -    374   HW1 -      2    OB      0.179 158.990      188       1.88
     99      s    126   SLV -      1      1  MeOH         376    OW -    378   HW2 -      2    OB      0.185 161.273      173       1.73
    100      s    128   SLV -      1      1  MeOH         382    OW -    383   HW1 -      2    OB      0.234 155.717       12       0.12
    101      s    138   SLV -      1      1  MeOH         412    OW -    413   HW1 -      2    OB      0.246 140.532        1       0.01
    102      s    139   SLV -      1      1  MeOH         415    OW -    416   HW1 -      2    OB      0.249 146.452        1       0.01
    103      s    149   SLV -      1      1  MeOH         445    OW -    446   HW1 -      2    OB      0.238 146.069        3       0.03
    104      s    156   SLV -      1      1  MeOH         466    OW -    468   HW2 -      2    OB      0.241 140.566        2       0.02
    105      s    195   SLV -      1      1  MeOH         583    OW -    584   HW1 -      2    OB      0.218 155.440       17       0.17
    106      s    195   SLV -      1      1  MeOH         583    OW -    585   HW2 -      2    OB      0.222 148.305        5       0.05
    107      s    199   SLV -      1      1  MeOH         595    OW -    596   HW1 -      2    OB      0.212 144.441        2       0.02
    108      s    199   SLV -      1      1  MeOH         595    OW -    597   HW2 -      2    OB      0.222 154.650       52       0.52
    109      s    206   SLV -      1      1  MeOH         616    OW -    617   HW1 -      2    OB      0.185 157.468      150       1.50
    110      s    206   SLV -      1      1  MeOH         616    OW -    618   HW2 -      2    OB      0.173 161.887      204       2.04
    111      s    207   SLV -      1      1  MeOH         619    OW -    620   HW1 -      2    OB      0.231 159.916       13       0.13
    112      s    214   SLV -      1      1  MeOH         640    OW -    641   HW1 -      2    OB      0.188 157.439      438       4.38
    113      s    214   SLV -      1      1  MeOH         640    OW -    642   HW2 -      2    OB      0.184 158.502      172       1.72
    114      s    215   SLV -      1      1  MeOH         643    OW -    644   HW1 -      2    OB      0.192 157.822       80       0.80
    115      s    215   SLV -      1      1  MeOH         643    OW -    645   HW2 -      2    OB      0.179 160.944      166       1.66
    116      s    219   SLV -      1      1  MeOH         655    OW -    657   HW2 -      2    OB      0.245 135.071        1       0.01
    117      s    262   SLV -      1      1  MeOH         784    OW -    785   HW1 -      2    OB      0.239 142.511        1       0.01
    118      s    270   SLV -      1      1  MeOH         808    OW -    810   HW2 -      2    OB      0.200 159.780       92       0.92
    119      s    277   SLV -      1      1  MeOH         829    OW -    831   HW2 -      2    OB      0.212 143.263        5       0.05
    120      s    319   SLV -      1      1  MeOH         955    OW -    956   HW1 -      2    OB      0.184 147.083        4       0.04
    121      s    326   SLV -      1      1  MeOH         976    OW -    977   HW1 -      2    OB      0.205 150.559        5       0.05
    122      s    326   SLV -      1      1  MeOH         976    OW -    978   HW2 -      2    OB      0.193 154.228       43       0.43
    123      s    347   SLV -      1      1  MeOH        1039    OW -   1040   HW1 -      2    OB      0.177 160.536      451       4.51
    124      s    347   SLV -      1      1  MeOH        1039    OW -   1041   HW2 -      2    OB      0.195 150.901        7       0.07
    125      s    352   SLV -      1      1  MeOH        1054    OW -   1056   HW2 -      2    OB      0.192 154.770       29       0.29
    126      s    353   SLV -      1      1  MeOH        1057    OW -   1058   HW1 -      2    OB      0.187 155.395      160       1.60
    127      s    353   SLV -      1      1  MeOH        1057    OW -   1059   HW2 -      2    OB      0.205 142.242        9       0.09
    128      s    358   SLV -      1      1  MeOH        1072    OW -   1073   HW1 -      2    OB      0.189 157.827      170       1.70
    129      s    373   SLV -      1      1  MeOH        1117    OW -   1118   HW1 -      2    OB      0.188 159.785       18       0.18
    130      s    373   SLV -      1      1  MeOH        1117    OW -   1119   HW2 -      2    OB      0.188 159.925       48       0.48
    131      s    374   SLV -      1      1  MeOH        1120    OW -   1122   HW2 -      2    OB      0.233 155.254        7       0.07
    132      s    392   SLV -      1      1  MeOH        1174    OW -   1175   HW1 -      2    OB      0.203 154.531       23       0.23
    133      s    395   SLV -      1      1  MeOH        1183    OW -   1184   HW1 -      2    OB      0.178 151.872       14       0.14
    134      s    395   SLV -      1      1  MeOH        1183    OW -   1185   HW2 -      2    OB      0.238 156.082        2       0.02
    135      s    397   SLV -      1      1  MeOH        1189    OW -   1190   HW1 -      2    OB      0.208 152.546       24       0.24
    136      s    405   SLV -      1      1  MeOH        1213    OW -   1215   HW2 -      2    OB      0.238 147.750       10       0.10
    137      s    410   SLV -      1      1  MeOH        1228    OW -   1229   HW1 -      2    OB      0.180 159.222      405       4.05
    138      s    410   SLV -      1      1  MeOH        1228    OW -   1230   HW2 -      2    OB      0.240 152.305        3       0.03
    139      s    430   SLV -      1      1  MeOH        1288    OW -   1289   HW1 -      2    OB      0.239 163.117        4       0.04
    140      s    434   SLV -      1      1  MeOH        1300    OW -   1302   HW2 -      2    OB      0.176 162.094      429       4.29
    141      s    462   SLV -      1      1  MeOH        1384    OW -   1386   HW2 -      2    OB      0.229 155.249       19       0.19
    142      s    466   SLV -      1      1  MeOH        1396    OW -   1397   HW1 -      2    OB      0.227 155.900       11       0.11
    143      s    466   SLV -      1      1  MeOH        1396    OW -   1398   HW2 -      2    OB      0.235 143.495        2       0.02
    144      s    479   SLV -      1      1  MeOH        1435    OW -   1436   HW1 -      2    OB      0.229 156.138        9       0.09
    145      s    479   SLV -      1      1  MeOH        1435    OW -   1437   HW2 -      2    OB      0.240 151.390        1       0.01
    146      s    485   SLV -      1      1  MeOH        1453    OW -   1455   HW2 -      2    OB      0.231 136.921        1       0.01
    147      s    494   SLV -      1      1  MeOH        1480    OW -   1481   HW1 -      2    OB      0.231 151.869        8       0.08
    148      s    494   SLV -      1      1  MeOH        1480    OW -   1482   HW2 -      2    OB      0.180 161.177      150       1.50
    149      s    496   SLV -      1      1  MeOH        1486    OW -   1487   HW1 -      2    OB      0.236 141.062        3       0.03
    150      s    521   SLV -      1      1  MeOH        1561    OW -   1562   HW1 -      2    OB      0.193 155.911       78       0.78
    151      s    530   SLV -      1      1  MeOH        1588    OW -   1589   HW1 -      2    OB      0.218 145.923       25       0.25
    152      s    534   SLV -      1      1  MeOH        1600    OW -   1601   HW1 -      2    OB      0.183 157.228      164       1.64
    153      s    540   SLV -      1      1  MeOH        1618    OW -   1619   HW1 -      2    OB      0.189 158.536      368       3.68
    154      s    555   SLV -      1      1  MeOH        1663    OW -   1664   HW1 -      2    OB      0.187 155.074       85       0.85
    155      s    555   SLV -      1      1  MeOH        1663    OW -   1665   HW2 -      2    OB      0.181 159.296      139       1.39
    156      s    579   SLV -      1      1  MeOH        1735    OW -   1736   HW1 -      2    OB      0.201 156.682       56       0.56
    157      s    584   SLV -      1      1  MeOH        1750    OW -   1751   HW1 -      2    OB      0.238 150.851        4       0.04
    158      s    584   SLV -      1      1  MeOH        1750    OW -   1752   HW2 -      2    OB      0.223 166.049       12       0.12
    159      s    592   SLV -      1      1  MeOH        1774    OW -   1775   HW1 -      2    OB      0.196 146.973        6       0.06
    160      s    592   SLV -      1      1  MeOH        1774    OW -   1776   HW2 -      2    OB      0.237 149.969        6       0.06
    161      s    604   SLV -      1      1  MeOH        1810    OW -   1811   HW1 -      2    OB      0.249 143.596        1       0.01
    162      s    619   SLV -      1      1  MeOH        1855    OW -   1857   HW2 -      2    OB      0.245 161.126        2       0.02
    163      s    623   SLV -      1      1  MeOH        1867    OW -   1868   HW1 -      2    OB      0.192 155.463       25       0.25
    164      s    634   SLV -      1      1  MeOH        1900    OW -   1901   HW1 -      2    OB      0.181 160.617       56       0.56
    165      s    638   SLV -      1      1  MeOH        1912    OW -   1913   HW1 -      2    OB      0.174 159.709       54       0.54
    166      s    641   SLV -      1      1  MeOH        1921    OW -   1922   HW1 -      2    OB      0.236 144.412        1       0.01
    167      s    648   SLV -      1      1  MeOH        1942    OW -   1943   HW1 -      2    OB      0.178 160.450      239       2.39
    168      s    670   SLV -      1      1  MeOH        2008    OW -   2009   HW1 -      2    OB      0.248 155.228        1       0.01
    169      s    671   SLV -      1      1  MeOH        2011    OW -   2012   HW1 -      2    OB      0.186 156.326       64       0.64
    170      s    677   SLV -      1      1  MeOH        2029    OW -   2031   HW2 -      2    OB      0.177 160.701     1041      10.41
    171      s    681   SLV -      1      1  MeOH        2041    OW -   2042   HW1 -      2    OB      0.183 159.159      523       5.23
    172      s    687   SLV -      1      1  MeOH        2059    OW -   2060   HW1 -      2    OB      0.248 135.738        1       0.01
    173      s    691   SLV -      1      1  MeOH        2071    OW -   2073   HW2 -      2    OB      0.232 147.769        5       0.05
    174      s    705   SLV -      1      1  MeOH        2113    OW -   2115   HW2 -      2    OB      0.247 151.490        1       0.01
    175      s    714   SLV -      1      1  MeOH        2140    OW -   2142   HW2 -      2    OB      0.197 151.014       12       0.12
    176      s    718   SLV -      1      1  MeOH        2152    OW -   2153   HW1 -      2    OB      0.238 151.393        5       0.05
    177      s    719   SLV -      1      1  MeOH        2155    OW -   2156   HW1 -      2    OB      0.179 160.157      464       4.64
    178      s    729   SLV -      1      1  MeOH        2185    OW -   2186   HW1 -      2    OB      0.185 160.306      583       5.83
    179      s    729   SLV -      1      1  MeOH        2185    OW -   2187   HW2 -      2    OB      0.197 148.819       42       0.42
    180      s    748   SLV -      1      1  MeOH        2242    OW -   2244   HW2 -      2    OB      0.185 158.983       75       0.75
    181      s    756   SLV -      1      1  MeOH        2266    OW -   2268   HW2 -      2    OB      0.226 154.496       12       0.12
    182      s    758   SLV -      1      1  MeOH        2272    OW -   2274   HW2 -      2    OB      0.178 159.473       39       0.39
    183      s    776   SLV -      1      1  MeOH        2326    OW -   2327   HW1 -      2    OB      0.177 160.838      708       7.08
    184      s    776   SLV -      1      1  MeOH        2326    OW -   2328   HW2 -      2    OB      0.176 162.551      211       2.11
    185      s    781   SLV -      1      1  MeOH        2341    OW -   2342   HW1 -      2    OB      0.240 150.640        2       0.02
    186      s    782   SLV -      1      1  MeOH        2344    OW -   2346   HW2 -      2    OB      0.178 161.246     1172      11.72
    187      s    783   SLV -      1      1  MeOH        2347    OW -   2348   HW1 -      2    OB      0.185 155.649      121       1.21
    188      s    783   SLV -      1      1  MeOH        2347    OW -   2349   HW2 -      2    OB      0.178 161.888      136       1.36
    189      s    789   SLV -      1      1  MeOH        2365    OW -   2367   HW2 -      2    OB      0.186 158.832      116       1.16
    190      s    795   SLV -      1      1  MeOH        2383    OW -   2384   HW1 -      2    OB      0.213 143.017        2       0.02
    191      s    806   SLV -      1      1  MeOH        2416    OW -   2417   HW1 -      2    OB      0.233 148.074        1       0.01
    192      s    825   SLV -      1      1  MeOH        2473    OW -   2474   HW1 -      2    OB      0.185 156.521      172       1.72
    193      s    825   SLV -      1      1  MeOH        2473    OW -   2475   HW2 -      2    OB      0.173 162.737      988       9.88
    194      s    830   SLV -      1      1  MeOH        2488    OW -   2489   HW1 -      2    OB      0.188 158.747       92       0.92
    195      s    830   SLV -      1      1  MeOH        2488    OW -   2490   HW2 -      2    OB      0.250 154.683        1       0.01
    196      s    836   SLV -      1      1  MeOH        2506    OW -   2507   HW1 -      2    OB      0.179 161.508      279       2.79
    197      s    836   SLV -      1      1  MeOH        2506    OW -   2508   HW2 -      2    OB      0.189 156.278      115       1.15
    198      s    838   SLV -      1      1  MeOH        2512    OW -   2514   HW2 -      2    OB      0.228 152.281        4       0.04
    199      s    847   SLV -      1      1  MeOH        2539    OW -   2540   HW1 -      2    OB      0.228 150.997       24       0.24
    200      s    848   SLV -      1      1  MeOH        2542    OW -   2544   HW2 -      2    OB      0.230 144.873        4       0.04
    201      s    863   SLV -      1      1  MeOH        2587    OW -   2589   HW2 -      2    OB      0.193 157.107       12       0.12
    202      s    868   SLV -      1      1  MeOH        2602    OW -   2604   HW2 -      2    OB      0.229 142.303        5       0.05
    203      s    871   SLV -      1      1  MeOH        2611    OW -   2612   HW1 -      2    OB      0.178 162.012      432       4.32
    204      s    871   SLV -      1      1  MeOH        2611    OW -   2613   HW2 -      2    OB      0.182 158.649      122       1.22
    205      s    882   SLV -      1      1  MeOH        2644    OW -   2646   HW2 -      2    OB      0.247 150.846        1       0.01
    206      s    884   SLV -      1      1  MeOH        2650    OW -   2651   HW1 -      2    OB      0.236 159.213       11       0.11
    207      s    905   SLV -      1      1  MeOH        2713    OW -   2714   HW1 -      2    OB      0.180 161.579      155       1.55
    208      s    905   SLV -      1      1  MeOH        2713    OW -   2715   HW2 -      2    OB      0.239 135.134        1       0.01
    209      s    918   SLV -      1      1  MeOH        2752    OW -   2754   HW2 -      2    OB      0.175 161.217       83       0.83
    210      s    919   SLV -      1      1  MeOH        2755    OW -   2756   HW1 -      2    OB      0.217 155.505        6       0.06
    211      s    919   SLV -      1      1  MeOH        2755    OW -   2757   HW2 -      2    OB      0.246 141.016        1       0.01
    212      s    930   SLV -      1      1  MeOH        2788    OW -   2790   HW2 -      2    OB      0.209 157.106       33       0.33
    213      s    935   SLV -      1      1  MeOH        2803    OW -   2804   HW1 -      2    OB      0.248 135.540        1       0.01
    214      s    945   SLV -      1      1  MeOH        2833    OW -   2834   HW1 -      2    OB      0.188 157.884      195       1.95
    215      s    945   SLV -      1      1  MeOH        2833    OW -   2835   HW2 -      2    OB      0.185 159.055      343       3.43
    216      s    946   SLV -      1      1  MeOH        2836    OW -   2837   HW1 -      2    OB      0.236 162.559        4       0.04
    217      s    950   SLV -      1      1  MeOH        2848    OW -   2850   HW2 -      2    OB      0.233 138.035        1       0.01
    218      s    965   SLV -      1      1  MeOH        2893    OW -   2894   HW1 -      2    OB      0.174 160.351      131       1.31
    219      s    975   SLV -      1      1  MeOH        2923    OW -   2925   HW2 -      2    OB      0.221 159.934       26       0.26
    220      s    982   SLV -      1      1  MeOH        2944    OW -   2945   HW1 -      2    OB      0.180 160.041      295       2.95
    221      s    982   SLV -      1      1  MeOH        2944    OW -   2946   HW2 -      2    OB      0.187 159.508      223       2.23
    222      s    990   SLV -      1      1  MeOH        2968    OW -   2969   HW1 -      2    OB      0.182 159.514      221       2.21
    223      s    992   SLV -      1      1  MeOH        2974    OW -   2976   HW2 -      2    OB      0.184 159.416      109       1.09
    224      s    999   SLV -      1      1  MeOH        2995    OW -   2996   HW1 -      2    OB      0.185 156.696       78       0.78
    225      s   1003   SLV -      1      1  MeOH        3007    OW -   3008   HW1 -      2    OB      0.242 149.301        5       0.05
    226      s   1006   SLV -      1      1  MeOH        3016    OW -   3017   HW1 -      2    OB      0.231 146.987        3       0.03
    227      s   1013   SLV -      1      1  MeOH        3037    OW -   3039   HW2 -      2    OB      0.199 152.996       34       0.34
    228      s   1015   SLV -      1      1  MeOH        3043    OW -   3045   HW2 -      2    OB      0.236 149.471        3       0.03
    229      s   1026   SLV -      1      1  MeOH        3076    OW -   3078   HW2 -      2    OB      0.186 156.878       21       0.21
    230      s   1031   SLV -      1      1  MeOH        3091    OW -   3093   HW2 -      2    OB      0.218 141.926        5       0.05
    231      s   1042   SLV -      1      1  MeOH        3124    OW -   3126   HW2 -      2    OB      0.219 150.108       23       0.23
    232      s   1059   SLV -      1      1  MeOH        3175    OW -   3176   HW1 -      2    OB      0.246 167.448        2       0.02
    233      s   1065   SLV -      1      1  MeOH        3193    OW -   3194   HW1 -      2    OB      0.229 159.436        9       0.09
    234      s   1065   SLV -      1      1  MeOH        3193    OW -   3195   HW2 -      2    OB      0.225 139.844        3       0.03
    235      s   1069   SLV -      1      1  MeOH        3205    OW -   3206   HW1 -      2    OB      0.173 161.597      145       1.45
    236      s   1078   SLV -      1      1  MeOH        3232    OW -   3233   HW1 -      2    OB      0.247 162.686        1       0.01
    237      s   1078   SLV -      1      1  MeOH        3232    OW -   3234   HW2 -      2    OB      0.176 161.137      354       3.54
    238      s   1102   SLV -      1      1  MeOH        3304    OW -   3305   HW1 -      2    OB      0.234 146.838        5       0.05
    239      s   1102   SLV -      1      1  MeOH        3304    OW -   3306   HW2 -      2    OB      0.199 157.532        4       0.04
    240      s   1106   SLV -      1      1  MeOH        3316    OW -   3317   HW1 -      2    OB      0.214 142.199        1       0.01
    241      s   1109   SLV -      1      1  MeOH        3325    OW -   3327   HW2 -      2    OB      0.180 160.817      126       1.26
    242      s   1113   SLV -      1      1  MeOH        3337    OW -   3339   HW2 -      2    OB      0.237 148.368        1       0.01
    243      s   1115   SLV -      1      1  MeOH        3343    OW -   3345   HW2 -      2    OB      0.179 161.201      220       2.20
    244      s   1141   SLV -      1      1  MeOH        3421    OW -   3422   HW1 -      2    OB      0.183 160.002      322       3.22
    245      s   1147   SLV -      1      1  MeOH        3439    OW -   3440   HW1 -      2    OB      0.188 156.258      138       1.38
    246      s   1147   SLV -      1      1  MeOH        3439    OW -   3441   HW2 -      2    OB      0.177 158.162       17       0.17
# hbond finished
