# gather option : cog
# gather option : cog
# gather option : cog
# gather option : cog
# gather option : cog
         0.0014              0
         0.0042              0
          0.007              0
         0.0098              0
         0.0126              0
         0.0154              0
         0.0182              0
          0.021              0
         0.0238              0
         0.0266              0
         0.0294              0
         0.0322              0
          0.035              0
         0.0378              0
         0.0406              0
         0.0434              0
         0.0462              0
          0.049              0
         0.0518              0
         0.0546              0
         0.0574              0
         0.0602              0
          0.063              0
         0.0658              0
         0.0686              0
         0.0714              0
         0.0742              0
          0.077              0
         0.0798              0
         0.0826              0
         0.0854              0
         0.0882              0
          0.091              0
         0.0938              0
         0.0966              0
         0.0994              0
         0.1022              0
          0.105              0
         0.1078              0
         0.1106              0
         0.1134              0
         0.1162              0
          0.119              0
         0.1218              0
         0.1246              0
         0.1274              0
         0.1302              0
          0.133              0
         0.1358              0
         0.1386              0
         0.1414              0
         0.1442              0
          0.147              0
         0.1498  0.00978500534
         0.1526  0.00941974888
         0.1554   0.0392845184
         0.1582   0.0584689526
          0.161    0.160619045
         0.1638    0.310490188
         0.1666    0.421195505
         0.1694    0.565548178
         0.1722    0.729574228
          0.175    0.937743921
         0.1778    0.955164967
         0.1806    0.961325115
         0.1834    0.986882455
         0.1862    0.946841662
          0.189    0.881750997
         0.1918     0.78250914
         0.1946    0.764516185
         0.1974    0.643429874
         0.2002    0.552753748
          0.203    0.541049569
         0.2058    0.485159438
         0.2086    0.426618616
         0.2114    0.464486755
         0.2142     0.40147102
          0.217    0.411381014
         0.2198    0.355574654
         0.2226    0.444116641
         0.2254    0.375651194
         0.2282    0.373383315
          0.231    0.382413382
         0.2338    0.409418255
         0.2366    0.438674052
         0.2394    0.410660905
         0.2422    0.385007054
          0.245    0.397003911
         0.2478    0.407199609
         0.2506    0.399029639
         0.2534     0.43940836
         0.2562    0.481165682
          0.259    0.417448935
         0.2618    0.488360899
         0.2646    0.590881496
         0.2674    0.671637597
         0.2702    0.708681373
          0.273     0.81697612
         0.2758     0.79475346
         0.2786    0.865413331
         0.2814     0.84939544
         0.2842    0.874144189
          0.287    0.857076914
         0.2898    0.832803518
         0.2926    0.768457898
         0.2954    0.767383274
         0.2982    0.730863599
          0.301    0.729435017
         0.3038    0.741273482
         0.3066    0.767922044
         0.3094    0.788806521
         0.3122    0.796561202
          0.315    0.850948246
         0.3178    0.814899429
         0.3206     0.85790596
         0.3234    0.867489116
         0.3262    0.848453126
          0.329     0.84729476
         0.3318    0.912321226
         0.3346    0.833147165
         0.3374    0.862272759
         0.3402    0.825017815
          0.343    0.826940656
         0.3458    0.823401061
         0.3486    0.785590816
         0.3514    0.791457361
         0.3542    0.775448775
          0.357    0.749227785
         0.3598    0.795433127
         0.3626    0.800096506
         0.3654    0.774714784
         0.3682    0.771933709
          0.371    0.801439506
         0.3738     0.76224098
         0.3766    0.799927426
         0.3794    0.774972355
         0.3822    0.803213183
          0.385    0.840711103
         0.3878     0.82734765
         0.3906    0.856110035
         0.3934    0.823692036
         0.3962    0.817696656
          0.399    0.818108856
         0.4018    0.798775029
         0.4046     0.81674723
         0.4074    0.816619411
         0.4102    0.831345897
          0.413    0.799150112
         0.4158    0.809238395
         0.4186     0.80135468
         0.4214    0.797723399
         0.4242    0.813963458
          0.427    0.772249763
         0.4298    0.753445074
         0.4326    0.816676005
         0.4354    0.803171036
         0.4382    0.786952439
          0.441     0.82539482
         0.4438    0.801662224
         0.4466    0.788601525
         0.4494    0.769719401
         0.4522    0.818695577
          0.455    0.829742208
         0.4578    0.817880136
         0.4606    0.819649444
         0.4634    0.838814849
         0.4662    0.845064115
          0.469    0.875709378
         0.4718    0.850417182
         0.4746    0.869987329
         0.4774    0.825837883
         0.4802    0.887222485
          0.483    0.870819395
         0.4858     0.89465907
         0.4886    0.891569201
         0.4914    0.900335263
         0.4942    0.905464894
          0.497    0.902571251
         0.4998    0.893923603
         0.5026    0.896968837
         0.5054    0.907452274
         0.5082      0.9035194
          0.511    0.883726541
         0.5138     0.89078208
         0.5166     0.89236408
         0.5194    0.875151272
         0.5222    0.885088766
          0.525    0.904210955
         0.5278    0.925218005
         0.5306    0.920695671
         0.5334    0.918580202
         0.5362    0.916993487
          0.539    0.923127659
         0.5418    0.899736083
         0.5446    0.926560606
         0.5474    0.924971892
         0.5502    0.903963916
          0.553    0.907884325
         0.5558    0.908763051
         0.5586    0.938165254
         0.5614    0.939695566
         0.5642    0.912037314
          0.567    0.908603936
         0.5698    0.934960479
         0.5726     0.91858747
         0.5754    0.904127788
         0.5782    0.899552205
          0.581    0.920106378
         0.5838    0.940835304
         0.5866    0.924675963
         0.5894    0.950979385
         0.5922    0.953535265
          0.595    0.935076706
         0.5978    0.960604437
         0.6006    0.930502191
         0.6034    0.931185334
         0.6062    0.952126232
          0.609    0.947753725
         0.6118    0.959255702
         0.6146    0.963381918
         0.6174    0.929550302
         0.6202    0.956083352
          0.623    0.968424686
         0.6258     0.97478768
         0.6286     0.96522927
         0.6314    0.980550209
         0.6342    0.967159504
          0.637    0.979684459
         0.6398    0.981916466
         0.6426    0.972633175
         0.6454    0.993603291
         0.6482    0.974706053
          0.651    0.980373365
         0.6538    0.977063286
         0.6566     1.00969188
         0.6594    0.992947953
         0.6622    0.973844672
          0.665    0.984584362
         0.6678    0.984551284
         0.6706     1.02239954
         0.6734    0.993072464
         0.6762    0.978970958
          0.679    0.994614485
         0.6818    0.990013878
         0.6846     1.03167981
         0.6874     1.02113638
         0.6902     1.02135533
          0.693     1.04395459
         0.6958     1.04593605
         0.6986     1.01692624
         0.7014     1.01936107
         0.7042     1.03684083
          0.707     1.01546141
         0.7098     1.04047937
         0.7126     1.02868064
         0.7154     1.02388899
         0.7182     1.05034525
          0.721     1.02133957
         0.7238     1.03042854
         0.7266     1.03625543
         0.7294      1.0394522
         0.7322     1.02382946
          0.735     1.03246019
         0.7378     1.07093423
         0.7406     1.05553252
         0.7434     1.05743876
         0.7462     1.03523473
          0.749     1.04678975
         0.7518     1.05402624
         0.7546     1.02629616
         0.7574     1.03051135
         0.7602     1.03756507
          0.763     1.03353359
         0.7658      1.0440894
         0.7686     1.05054617
         0.7714     1.04149924
         0.7742      1.0133831
          0.777     1.01661721
         0.7798     1.03257598
         0.7826     1.02695531
         0.7854     1.02350169
         0.7882     1.03010941
          0.791     1.01858751
         0.7938     1.03367954
         0.7966     1.02966462
         0.7994     1.02909296
         0.8022     1.02209437
          0.805      1.0001269
         0.8078     1.03029365
         0.8106     1.03174872
         0.8134     1.02443684
         0.8162     1.02688168
          0.819    0.997085863
         0.8218     1.03072282
         0.8246     1.01088523
         0.8274     1.01827521
         0.8302     1.01542476
          0.833     1.01611403
         0.8358    0.999625132
         0.8386     1.01553758
         0.8414     1.03862187
         0.8442     1.00392866
          0.847     1.01540222
         0.8498     0.99728867
         0.8526     1.01503505
         0.8554     1.01396075
         0.8582     1.01977854
          0.861     1.00526305
         0.8638    0.996903583
         0.8666     1.01259717
         0.8694     1.01591461
         0.8722     1.01113891
          0.875     1.00915062
         0.8778     1.00044036
         0.8806     1.00047575
         0.8834     1.01172375
         0.8862     1.00540713
          0.889    0.994191279
         0.8918     1.00212299
         0.8946     1.01558235
         0.8974     1.00577684
         0.9002     1.00320225
          0.903     1.01329442
         0.9058     1.01634214
         0.9086     1.01216954
         0.9114    0.999508237
         0.9142      1.0134756
          0.917      1.0010291
         0.9198     1.00236679
         0.9226     1.01854813
         0.9254     1.01184525
         0.9282     1.02430946
          0.931    0.987417969
         0.9338     1.00047268
         0.9366     1.00996651
         0.9394     1.01186415
         0.9422    0.997160883
          0.945     1.00162103
         0.9478      1.0027647
         0.9506     0.98462463
         0.9534    0.991818842
         0.9562      1.0241955
          0.959       1.001917
         0.9618     1.00349574
         0.9646    0.993561679
         0.9674     1.01421718
         0.9702     1.01098601
          0.973    0.996950358
         0.9758     1.01561691
         0.9786     1.01978261
         0.9814     1.02688162
         0.9842     1.00060449
          0.987     1.00488686
         0.9898     1.00967449
         0.9926    0.984308512
         0.9954    0.999190517
         0.9982     1.00003562
          1.001     1.00767565
         1.0038     1.01914703
         1.0066      1.0171584
         1.0094    0.996410427
         1.0122    0.990432742
          1.015     1.00158514
         1.0178    0.999539035
         1.0206     1.01615114
         1.0234      1.0022777
         1.0262     1.01307127
          1.029      1.0014382
         1.0318     1.00393706
         1.0346     1.01494082
         1.0374     1.01252896
         1.0402     1.01272348
          1.043     1.01512208
         1.0458     1.00798015
         1.0486     1.00727227
         1.0514     1.01418901
         1.0542     1.00228756
          1.057     1.01598608
         1.0598     1.01724014
         1.0626     0.98643697
         1.0654     1.00560421
         1.0682     1.00131469
          1.071     1.01592111
         1.0738      1.0001543
         1.0766     1.01411843
         1.0794     1.00415074
         1.0822     1.00812605
          1.085    0.999058395
         1.0878     1.00135295
         1.0906    0.998514918
         1.0934     1.01686949
         1.0962     1.01477437
          1.099     1.01768392
         1.1018     1.00736095
         1.1046     1.02463327
         1.1074      1.0083582
         1.1102     1.01347247
          1.113     1.00971026
         1.1158     1.00274804
         1.1186     1.01675602
         1.1214    0.995547825
         1.1242     1.00978726
          1.127     1.01884029
         1.1298       1.007038
         1.1326     1.01842116
         1.1354     1.00957115
         1.1382      1.0043681
          1.141     1.01146956
         1.1438    0.998151877
         1.1466     1.01426573
         1.1494     1.00274282
         1.1522    0.999530216
          1.155     1.00042988
         1.1578    0.999414304
         1.1606     1.02096049
         1.1634    0.997057485
         1.1662     1.00022298
          1.169     1.00535389
         1.1718    0.999243822
         1.1746     1.00294484
         1.1774     1.01996819
         1.1802    0.998294242
          1.183     1.00527066
         1.1858     1.01566575
         1.1886     1.00913333
         1.1914      1.0043235
         1.1942     1.00526961
          1.197    0.994915835
         1.1998     1.00962202
         1.2026    0.999569213
         1.2054    0.995433196
         1.2082     1.01561417
          1.211     1.00975797
         1.2138       1.010922
         1.2166    0.983118884
         1.2194    0.994933823
         1.2222     1.00347438
          1.225      1.0156186
         1.2278     1.01280455
         1.2306      1.0252783
         1.2334     1.00073458
         1.2362      1.0089758
          1.239     1.00341573
         1.2418    0.998019918
         1.2446     1.00352732
         1.2474     1.00001622
         1.2502    0.996305941
          1.253     1.00486213
         1.2558     1.00625859
         1.2586     1.00031499
         1.2614     0.99668461
         1.2642    0.999953196
          1.267    0.997490888
         1.2698    0.999094301
         1.2726     1.00168574
         1.2754     1.00485729
         1.2782    0.997377691
          1.281     1.00057339
         1.2838     1.00359478
         1.2866    0.995986848
         1.2894     1.00591683
         1.2922    0.993001289
          1.295      1.0008016
         1.2978    0.990472814
         1.3006    0.999972998
         1.3034     1.01006673
         1.3062     1.00070529
          1.309     1.01315456
         1.3118     1.00772301
         1.3146     1.01152139
         1.3174     1.00912107
         1.3202    0.997607186
          1.323     1.00006655
         1.3258     1.00016188
         1.3286    0.998700429
         1.3314      1.0123612
         1.3342     1.00144134
          1.337     1.00923202
         1.3398    0.994859249
         1.3426     1.01204002
         1.3454      1.0095579
         1.3482     1.00109062
          1.351     1.00394515
         1.3538     1.00928348
         1.3566     1.00922619
         1.3594     1.00570681
         1.3622     1.00180306
          1.365     1.00344483
         1.3678     1.00850447
         1.3706     1.01341024
         1.3734     1.00357854
         1.3762     1.00721243
          1.379     1.01745078
         1.3818      1.0060724
         1.3846     1.00910042
         1.3874     1.00862632
         1.3902     1.00197907
          1.393     1.00957849
         1.3958     1.00741352
         1.3986     1.00139234
